<?xml version="1.0" encoding="UTF-8"?>
<testsuite name="org.jacoco.examples.java.gradle.ConverterTest" tests="1" skipped="0" failures="0" errors="0" timestamp="2017-11-12T16:05:09" hostname="TOSH" time="0.106">
  <properties/>
  <testcase name="testOrgJsonDeserialize" classname="org.jacoco.examples.java.gradle.ConverterTest" time="0.106"/>
  <system-out><![CDATA[orgJsonDeserialize
{
	"url": https://docs.jboss.org,
	"ip": 1.1.1.1,
	"timestamp": 1970-01-01 02:00:15.0,
	"timespent": 777
}
]]></system-out>
  <system-err><![CDATA[]]></system-err>
</testsuite>
